This file contains any messages produced by compilers while
running configure, to aid debugging if configure makes a mistake.

It was created by BMD configure 0.4, which was
generated by GNU Autoconf 2.63.  Invocation command line was

  $ ./configure --prefix /usr/bmd/bmd -C --disable-postgres --disable-oracle --enable-db2 --disable-mssql --disable-client --enable-xml --enable-esp --enable-vdebug

## --------- ##
## Platform. ##
## --------- ##

hostname = oracle.localdomain
uname -m = x86_64
uname -r = 2.6.32-431.20.3.el6.x86_64
uname -s = Linux
uname -v = #1 SMP Thu Jun 19 21:14:45 UTC 2014

/usr/bin/uname -p = unknown
/bin/uname -X     = unknown

/bin/arch              = x86_64
/usr/bin/arch -k       = unknown
/usr/convex/getsysinfo = unknown
/usr/bin/hostinfo      = unknown
/bin/machine           = unknown
/usr/bin/oslevel       = unknown
/bin/universe          = unknown

PATH: /usr/lib64/qt-3.3/bin
PATH: /usr/local/sbin
PATH: /usr/local/bin
PATH: /sbin
PATH: /bin
PATH: /usr/sbin
PATH: /usr/bin
PATH: /root/bin
PATH: /home/db2inst2/sqllib/bin
PATH: /home/db2inst2/sqllib/adm
PATH: /home/db2inst2/sqllib/misc


## ----------- ##
## Core tests. ##
## ----------- ##

configure:2028: loading cache config.cache
configure:2173: checking build system type
configure:2191: result: x86_64-unknown-linux-gnu
configure:2213: checking host system type
configure:2228: result: x86_64-unknown-linux-gnu
configure:2250: checking target system type
configure:2265: result: x86_64-unknown-linux-gnu
configure:2309: checking for a BSD-compatible install
configure:2377: result: /usr/bin/install -c
configure:2388: checking whether build environment is sane
configure:2448: result: yes
configure:2589: checking for a thread-safe mkdir -p
configure:2628: result: /bin/mkdir -p
configure:2641: checking for gawk
configure:2668: result: gawk
configure:2679: checking whether make sets $(MAKE)
configure:2701: result: yes
configure:2848: checking for g++
configure:2875: result: g++
configure:2902: checking for C++ compiler version
configure:2910: g++ --version >&5
g++ (GCC) 4.4.7 20120313 (Red Hat 4.4.7-4)
Copyright (C) 2010 Free Software Foundation, Inc.
This is free software; see the source for copying conditions.  There is NO
warranty; not even for MERCHANTABILITY or FITNESS FOR A PARTICULAR PURPOSE.

configure:2914: $? = 0
configure:2921: g++ -v >&5
Using built-in specs.
Target: x86_64-redhat-linux
Configured with: ../configure --prefix=/usr --mandir=/usr/share/man --infodir=/usr/share/info --with-bugurl=http://bugzilla.redhat.com/bugzilla --enable-bootstrap --enable-shared --enable-threads=posix --enable-checking=release --with-system-zlib --enable-__cxa_atexit --disable-libunwind-exceptions --enable-gnu-unique-object --enable-languages=c,c++,objc,obj-c++,java,fortran,ada --enable-java-awt=gtk --disable-dssi --with-java-home=/usr/lib/jvm/java-1.5.0-gcj-1.5.0.0/jre --enable-libgcj-multifile --enable-java-maintainer-mode --with-ecj-jar=/usr/share/java/eclipse-ecj.jar --disable-libjava-multilib --with-ppl --with-cloog --with-tune=generic --with-arch_32=i686 --build=x86_64-redhat-linux
Thread model: posix
gcc version 4.4.7 20120313 (Red Hat 4.4.7-4) (GCC) 
configure:2925: $? = 0
configure:2932: g++ -V >&5
g++: '-V' option must have argument
configure:2936: $? = 1
configure:2959: checking for C++ compiler default output file name
configure:2981: g++    conftest.cpp  >&5
configure:2985: $? = 0
configure:3023: result: a.out
configure:3042: checking whether the C++ compiler works
configure:3052: ./a.out
configure:3056: $? = 0
configure:3075: result: yes
configure:3082: checking whether we are cross compiling
configure:3084: result: no
configure:3087: checking for suffix of executables
configure:3094: g++ -o conftest    conftest.cpp  >&5
configure:3098: $? = 0
configure:3124: result: 
configure:3130: checking for suffix of object files
configure:3185: result: o
configure:3189: checking whether we are using the GNU C++ compiler
configure:3242: result: yes
configure:3251: checking whether g++ accepts -g
configure:3389: result: yes
configure:3423: checking for style of include used by make
configure:3451: result: GNU
configure:3476: checking dependency style of g++
configure:3586: result: gcc3
configure:3649: checking for gcc
configure:3676: result: gcc
configure:3908: checking for C compiler version
configure:3916: gcc --version >&5
gcc (GCC) 4.4.7 20120313 (Red Hat 4.4.7-4)
Copyright (C) 2010 Free Software Foundation, Inc.
This is free software; see the source for copying conditions.  There is NO
warranty; not even for MERCHANTABILITY or FITNESS FOR A PARTICULAR PURPOSE.

configure:3920: $? = 0
configure:3927: gcc -v >&5
Using built-in specs.
Target: x86_64-redhat-linux
Configured with: ../configure --prefix=/usr --mandir=/usr/share/man --infodir=/usr/share/info --with-bugurl=http://bugzilla.redhat.com/bugzilla --enable-bootstrap --enable-shared --enable-threads=posix --enable-checking=release --with-system-zlib --enable-__cxa_atexit --disable-libunwind-exceptions --enable-gnu-unique-object --enable-languages=c,c++,objc,obj-c++,java,fortran,ada --enable-java-awt=gtk --disable-dssi --with-java-home=/usr/lib/jvm/java-1.5.0-gcj-1.5.0.0/jre --enable-libgcj-multifile --enable-java-maintainer-mode --with-ecj-jar=/usr/share/java/eclipse-ecj.jar --disable-libjava-multilib --with-ppl --with-cloog --with-tune=generic --with-arch_32=i686 --build=x86_64-redhat-linux
Thread model: posix
gcc version 4.4.7 20120313 (Red Hat 4.4.7-4) (GCC) 
configure:3931: $? = 0
configure:3938: gcc -V >&5
gcc: '-V' option must have argument
configure:3942: $? = 1
configure:3945: checking whether we are using the GNU C compiler
configure:3998: result: yes
configure:4007: checking whether gcc accepts -g
configure:4145: result: yes
configure:4162: checking for gcc option to accept ISO C89
configure:4266: result: none needed
configure:4286: checking dependency style of gcc
configure:4396: result: gcc3
configure:4413: checking for gcc option to accept ISO C99
configure:4609: result: -std=gnu99
configure:4740: checking for gcc -std=gnu99 option to accept ISO Standard C
configure:4751: result: -std=gnu99
configure:4804: checking for gcc
configure:4831: result: gcc
configure:5063: checking for C compiler version
configure:5071: gcc --version >&5
gcc (GCC) 4.4.7 20120313 (Red Hat 4.4.7-4)
Copyright (C) 2010 Free Software Foundation, Inc.
This is free software; see the source for copying conditions.  There is NO
warranty; not even for MERCHANTABILITY or FITNESS FOR A PARTICULAR PURPOSE.

configure:5075: $? = 0
configure:5082: gcc -v >&5
Using built-in specs.
Target: x86_64-redhat-linux
Configured with: ../configure --prefix=/usr --mandir=/usr/share/man --infodir=/usr/share/info --with-bugurl=http://bugzilla.redhat.com/bugzilla --enable-bootstrap --enable-shared --enable-threads=posix --enable-checking=release --with-system-zlib --enable-__cxa_atexit --disable-libunwind-exceptions --enable-gnu-unique-object --enable-languages=c,c++,objc,obj-c++,java,fortran,ada --enable-java-awt=gtk --disable-dssi --with-java-home=/usr/lib/jvm/java-1.5.0-gcj-1.5.0.0/jre --enable-libgcj-multifile --enable-java-maintainer-mode --with-ecj-jar=/usr/share/java/eclipse-ecj.jar --disable-libjava-multilib --with-ppl --with-cloog --with-tune=generic --with-arch_32=i686 --build=x86_64-redhat-linux
Thread model: posix
gcc version 4.4.7 20120313 (Red Hat 4.4.7-4) (GCC) 
configure:5086: $? = 0
configure:5093: gcc -V >&5
gcc: '-V' option must have argument
configure:5097: $? = 1
configure:5100: checking whether we are using the GNU C compiler
configure:5153: result: yes
configure:5162: checking whether gcc accepts -g
configure:5300: result: yes
configure:5317: checking for gcc option to accept ISO C89
configure:5421: result: none needed
configure:5441: checking dependency style of gcc
configure:5551: result: gcc3
configure:5583: checking for a BSD-compatible install
configure:5651: result: /usr/bin/install -c
configure:5662: checking whether make sets $(MAKE)
configure:5684: result: yes
configure:5699: checking how to run the C preprocessor
configure:5817: result: gcc -E
configure:5846: gcc -E  conftest.c
configure:5853: $? = 0
configure:5884: gcc -E  conftest.c
conftest.c:10:28: error: ac_nonexistent.h: No such file or directory
configure:5891: $? = 1
configure: failed program was:
| /* confdefs.h.  */
| #define PACKAGE_NAME "BMD"
| #define PACKAGE_TARNAME "bmd"
| #define PACKAGE_VERSION "0.4"
| #define PACKAGE_STRING "BMD 0.4"
| #define PACKAGE_BUGREPORT "someone@somewhere.com"
| #define PACKAGE "BMD"
| #define VERSION "0.4"
| /* end confdefs.h.  */
| #include <ac_nonexistent.h>
configure:5955: checking for a sed that does not truncate output
configure:6021: result: /bin/sed
configure:6039: checking for grep that handles long lines and -e
configure:6099: result: /bin/grep
configure:6104: checking for egrep
configure:6168: result: /bin/grep -E
configure:6173: checking for fgrep
configure:6237: result: /bin/grep -F
configure:6272: checking for ld used by gcc
configure:6339: result: /usr/bin/ld
configure:6348: checking if the linker (/usr/bin/ld) is GNU ld
configure:6363: result: yes
configure:6375: checking for BSD- or MS-compatible name lister (nm)
configure:6424: result: /usr/bin/nm -B
configure:6542: checking the name lister (/usr/bin/nm -B) interface
configure:6562: result: BSD nm
configure:6565: checking whether ln -s works
configure:6569: result: yes
configure:6577: checking the maximum length of command line arguments
configure:6697: result: 1966080
configure:6714: checking whether the shell understands some XSI constructs
configure:6724: result: yes
configure:6728: checking whether the shell understands "+="
configure:6734: result: yes
configure:6769: checking for /usr/bin/ld option to reload object files
configure:6776: result: -r
configure:6845: checking for objdump
configure:6872: result: objdump
configure:6904: checking how to recognize dependent libraries
configure:7100: result: pass_all
configure:7160: checking for ar
configure:7187: result: ar
configure:7265: checking for strip
configure:7292: result: strip
configure:7364: checking for ranlib
configure:7391: result: ranlib
configure:7481: checking command to parse /usr/bin/nm -B output from gcc object
configure:7704: result: ok
configure:7800: gcc -c -g -O2  conftest.c >&5
configure:7803: $? = 0
configure:8567: checking for ANSI C header files
configure:8735: result: yes
configure:8759: checking for sys/types.h
configure:8804: result: yes
configure:8759: checking for sys/stat.h
configure:8804: result: yes
configure:8759: checking for stdlib.h
configure:8804: result: yes
configure:8759: checking for string.h
configure:8804: result: yes
configure:8759: checking for memory.h
configure:8804: result: yes
configure:8759: checking for strings.h
configure:8804: result: yes
configure:8759: checking for inttypes.h
configure:8804: result: yes
configure:8759: checking for stdint.h
configure:8804: result: yes
configure:8759: checking for unistd.h
configure:8804: result: yes
configure:8822: checking for dlfcn.h
configure:8867: result: yes
configure:8994: checking for C++ compiler version
configure:9002: g++ --version >&5
g++ (GCC) 4.4.7 20120313 (Red Hat 4.4.7-4)
Copyright (C) 2010 Free Software Foundation, Inc.
This is free software; see the source for copying conditions.  There is NO
warranty; not even for MERCHANTABILITY or FITNESS FOR A PARTICULAR PURPOSE.

configure:9006: $? = 0
configure:9013: g++ -v >&5
Using built-in specs.
Target: x86_64-redhat-linux
Configured with: ../configure --prefix=/usr --mandir=/usr/share/man --infodir=/usr/share/info --with-bugurl=http://bugzilla.redhat.com/bugzilla --enable-bootstrap --enable-shared --enable-threads=posix --enable-checking=release --with-system-zlib --enable-__cxa_atexit --disable-libunwind-exceptions --enable-gnu-unique-object --enable-languages=c,c++,objc,obj-c++,java,fortran,ada --enable-java-awt=gtk --disable-dssi --with-java-home=/usr/lib/jvm/java-1.5.0-gcj-1.5.0.0/jre --enable-libgcj-multifile --enable-java-maintainer-mode --with-ecj-jar=/usr/share/java/eclipse-ecj.jar --disable-libjava-multilib --with-ppl --with-cloog --with-tune=generic --with-arch_32=i686 --build=x86_64-redhat-linux
Thread model: posix
gcc version 4.4.7 20120313 (Red Hat 4.4.7-4) (GCC) 
configure:9017: $? = 0
configure:9024: g++ -V >&5
g++: '-V' option must have argument
configure:9028: $? = 1
configure:9031: checking whether we are using the GNU C++ compiler
configure:9084: result: yes
configure:9093: checking whether g++ accepts -g
configure:9231: result: yes
configure:9256: checking dependency style of g++
configure:9366: result: gcc3
configure:9389: checking how to run the C++ preprocessor
configure:9503: result: g++ -E
configure:9532: g++ -E  conftest.cpp
configure:9539: $? = 0
configure:9570: g++ -E  conftest.cpp
conftest.cpp:21:28: error: ac_nonexistent.h: No such file or directory
configure:9577: $? = 1
configure: failed program was:
| /* confdefs.h.  */
| #define PACKAGE_NAME "BMD"
| #define PACKAGE_TARNAME "bmd"
| #define PACKAGE_VERSION "0.4"
| #define PACKAGE_STRING "BMD 0.4"
| #define PACKAGE_BUGREPORT "someone@somewhere.com"
| #define PACKAGE "BMD"
| #define VERSION "0.4"
| #define STDC_HEADERS 1
| #define HAVE_SYS_TYPES_H 1
| #define HAVE_SYS_STAT_H 1
| #define HAVE_STDLIB_H 1
| #define HAVE_STRING_H 1
| #define HAVE_MEMORY_H 1
| #define HAVE_STRINGS_H 1
| #define HAVE_INTTYPES_H 1
| #define HAVE_STDINT_H 1
| #define HAVE_UNISTD_H 1
| #define HAVE_DLFCN_H 1
| /* end confdefs.h.  */
| #include <ac_nonexistent.h>
configure:9791: checking for objdir
configure:9806: result: .libs
configure:10098: checking if gcc supports -fno-rtti -fno-exceptions
configure:10133: result: no
configure:10153: checking for gcc option to produce PIC
configure:10425: result: -fPIC -DPIC
configure:10437: checking if gcc PIC flag -fPIC -DPIC works
configure:10472: result: yes
configure:10496: checking if gcc static flag -static works
configure:10524: result: yes
configure:10539: checking if gcc supports -c -o file.o
configure:10586: result: yes
configure:10594: checking if gcc supports -c -o file.o
configure:10641: result: yes
configure:10674: checking whether the gcc linker (/usr/bin/ld -m elf_x86_64) supports shared libraries
configure:11748: result: yes
configure:11785: checking whether -lc should be explicitly linked in
configure:11790: gcc -c -g -O2  conftest.c >&5
configure:11793: $? = 0
configure:11808: gcc -shared conftest.o  -v -Wl,-soname -Wl,conftest -o conftest 2\>\&1 \| /bin/grep  -lc  \>/dev/null 2\>\&1
configure:11811: $? = 0
configure:11823: result: no
configure:11987: checking dynamic linker characteristics
configure:12430: gcc -o conftest -g -O2   -Wl,-rpath -Wl,/foo conftest.c  >&5
configure:12437: $? = 0
configure:12673: result: GNU/Linux ld.so
configure:12775: checking how to hardcode library paths into programs
configure:12800: result: immediate
configure:13633: checking whether stripping libraries is possible
configure:13638: result: yes
configure:13673: checking if libtool supports shared libraries
configure:13675: result: yes
configure:13678: checking whether to build shared libraries
configure:13699: result: yes
configure:13702: checking whether to build static libraries
configure:13706: result: yes
configure:13856: checking for ld used by g++
configure:13923: result: /usr/bin/ld -m elf_x86_64
configure:13932: checking if the linker (/usr/bin/ld -m elf_x86_64) is GNU ld
configure:13947: result: yes
configure:14002: checking whether the g++ linker (/usr/bin/ld -m elf_x86_64) supports shared libraries
configure:14977: result: yes
configure:15005: g++ -c -g -O2  conftest.cpp >&5
configure:15008: $? = 0
configure:15190: checking for g++ option to produce PIC
configure:15507: result: -fPIC -DPIC
configure:15516: checking if g++ PIC flag -fPIC -DPIC works
configure:15551: result: yes
configure:15572: checking if g++ static flag -static works
configure:15600: result: yes
configure:15612: checking if g++ supports -c -o file.o
configure:15659: result: yes
configure:15664: checking if g++ supports -c -o file.o
configure:15711: result: yes
configure:15741: checking whether the g++ linker (/usr/bin/ld -m elf_x86_64) supports shared libraries
configure:15767: result: yes
configure:15904: checking dynamic linker characteristics
configure:16295: g++ -o conftest -g -O2   -Wl,-rpath -Wl,/foo conftest.cpp  >&5
configure:16302: $? = 0
configure:16538: result: GNU/Linux ld.so
configure:16589: checking how to hardcode library paths into programs
configure:16614: result: immediate
configure:16851: checking for pkg-config
configure:16881: result: /usr/bin/pkg-config
configure:16906: checking pkg-config is at least version 0.9.0
configure:16909: result: yes
configure:16920: checking for XML
configure:16927: $PKG_CONFIG --exists --print-errors "libxml-2.0"
configure:16930: $? = 0
configure:16943: $PKG_CONFIG --exists --print-errors "libxml-2.0"
configure:16946: $? = 0
configure:17023: result: yes
configure:17034: checking for XSLT
configure:17041: $PKG_CONFIG --exists --print-errors "libxslt"
configure:17044: $? = 0
configure:17057: $PKG_CONFIG --exists --print-errors "libxslt"
configure:17060: $? = 0
configure:17137: result: yes
configure:17147: checking for XMLSEC
configure:17154: $PKG_CONFIG --exists --print-errors "xmlsec1 >= 1.0.0  libxslt"
configure:17157: $? = 0
configure:17170: $PKG_CONFIG --exists --print-errors "xmlsec1 >= 1.0.0  libxslt"
configure:17173: $? = 0
configure:17208: result: yes
configure:17278: checking for boolean_t
configure:17370: result: no
configure:17392: checking for main in -lbind
configure:17449: result: no
configure:17462: checking for main in -lc89
configure:17519: result: no
configure:17532: checking for main in -lc_r
configure:17589: result: no
configure:17602: checking for main in -lclntsh
configure:17659: result: no
configure:17672: checking for dlopen in -ldl
configure:17735: result: yes
configure:17748: checking for main in -lgcc
configure:17805: result: yes
configure:17818: checking for main in -libpath
configure:17875: result: no
configure:17888: checking for kstat_open in -lkstat
configure:17951: result: no
configure:17964: checking for scalbn in -lm
configure:18027: result: yes
configure:18040: checking for main in -lnnz10
configure:18097: result: no
configure:18110: checking for yp_bind in -lnsl
configure:18173: result: yes
configure:18186: checking for main in -lociei
configure:18243: result: no
configure:18256: checking for sched_getscheduler in -lposix4
configure:18319: result: no
configure:18332: checking for res_gethostbyname in -lresolv
configure:18395: result: yes
configure:18412: checking for main in -lrt
configure:18469: result: yes
configure:18482: checking for ntohs in -lsocket
configure:18545: result: no
configure:18558: checking for main in -lthread
configure:18615: result: no
configure:18628: checking for main in -lw
configure:18685: result: no
configure:18699: checking for pthread_create in -lpthread
configure:18762: result: yes
configure:18849: checking for AES_options in -lcrypto
configure:18912: result: yes
configure:18928: checking for setkey in -lcrypt
configure:18991: result: yes
configure:19006: checking for SSL_connect in -lssl
configure:19069: result: yes
configure:19087: checking for gpg_strerror in -lgpg-error
configure:19150: result: yes
configure:19165: checking for gpgme_cancel in -lgpgme
configure:19228: result: no
configure:19238: result: gpgme not found
configure:19243: checking for gcry_cipher_encrypt in -lgcrypt
configure:19306: result: yes
configure:19321: checking for gnutls_bye in -lgnutls
configure:19384: result: yes
configure:19399: checking for curl_easy_init in -lcurl
configure:19462: result: yes
configure:19478: checking for pcre_info in -lpcre
configure:19541: result: yes
configure:19557: checking for smtp_set_resent_headers in -lesmtp
configure:19620: result: yes
configure:19636: checking for krb5_cc_close in -lkrb5
configure:19699: result: yes
configure:19717: checking for working alloca.h
configure:19771: result: yes
configure:19781: checking for alloca
configure:19855: result: yes
configure:20100: checking for dirent.h that defines DIR
configure:20153: result: yes
configure:20168: checking for library containing opendir
configure:20247: result: none required
configure:20345: checking for ANSI C header files
configure:20513: result: yes
configure:20523: checking for sys/wait.h that is POSIX.1 compatible
configure:20581: result: yes
configure:20621: checking for arpa/inet.h
configure:20628: result: yes
configure:20621: checking for fcntl.h
configure:20628: result: yes
configure:20621: checking for float.h
configure:20628: result: yes
configure:20621: checking for inttypes.h
configure:20628: result: yes
configure:20621: checking for limits.h
configure:20628: result: yes
configure:20621: checking for malloc.h
configure:20628: result: yes
configure:20621: checking for netdb.h
configure:20628: result: yes
configure:20621: checking for netinet/in.h
configure:20628: result: yes
configure:20621: checking for stddef.h
configure:20628: result: yes
configure:20621: checking for stdlib.h
configure:20628: result: yes
configure:20621: checking for string.h
configure:20628: result: yes
configure:20621: checking for strings.h
configure:20628: result: yes
configure:20621: checking for sys/file.h
configure:20628: result: yes
configure:20621: checking for sys/param.h
configure:20628: result: yes
configure:20621: checking for sys/socket.h
configure:20628: result: yes
configure:20621: checking for sys/time.h
configure:20628: result: yes
configure:20621: checking for unistd.h
configure:20628: result: yes
configure:20621: checking for utime.h
configure:20628: result: yes
configure:20621: checking for wchar.h
configure:20628: result: yes
configure:20621: checking for wctype.h
configure:20628: result: yes
configure:20777: checking for /usr/lib/jvm/java/include/linux/jni_md.h
configure:20784: result: yes
configure:20918: result: JDK detected
configure:20941: checking for stdbool.h that conforms to C99
configure:21058: result: yes
configure:21060: checking for _Bool
configure:21152: result: yes
configure:21171: checking for an ANSI C-conforming const
configure:21268: result: yes
configure:21278: checking for inline
configure:21329: result: inline
configure:21348: checking for mode_t
configure:21440: result: yes
configure:21452: checking for off_t
configure:21544: result: yes
configure:21556: checking for pid_t
configure:21648: result: yes
configure:21660: checking for C/C++ restrict keyword
configure:21720: result: __restrict
configure:21736: checking for size_t
configure:21828: result: yes
configure:21840: checking whether time.h and sys/time.h may both be included
configure:21892: result: yes
configure:21902: checking whether struct tm is in sys/time.h or time.h
configure:21954: result: time.h
configure:21964: checking for uid_t in sys/types.h
configure:21987: result: yes
configure:22002: checking for working volatile
configure:22053: result: yes
configure:22063: checking for ptrdiff_t
configure:22155: result: yes
configure:22173: checking for bool
configure:22265: result: yes
configure:22284: checking whether closedir returns void
configure:22349: result: no
configure:22359: checking for error_at_line
configure:22412: result: yes
configure:22428: checking for vfork.h
configure:22435: result: no
configure:22579: checking for fork
configure:22664: result: yes
configure:22579: checking for vfork
configure:22664: result: yes
configure:22677: checking for working fork
configure:22740: result: yes
configure:22761: checking for working vfork
configure:22902: result: yes
configure:22934: checking whether gcc needs -traditional
configure:22976: result: no
configure:22983: checking whether lstat dereferences a symlink specified with a trailing slash
configure:23057: result: yes
configure:23076: checking whether lstat accepts an empty string
configure:23137: result: no
configure:23153: checking whether lstat dereferences a symlink specified with a trailing slash
configure:23227: result: yes
configure:23256: checking for sys/time.h
configure:23263: result: yes
configure:23256: checking for unistd.h
configure:23263: result: yes
configure:23256: checking for utime.h
configure:23263: result: yes
configure:23413: checking for alarm
configure:23498: result: yes
configure:23526: checking for working mktime
configure:23772: result: yes
configure:23789: checking for sys/select.h
configure:23796: result: yes
configure:23789: checking for sys/socket.h
configure:23796: result: yes
configure:23935: checking types of arguments for select
configure:24001: result: int,fd_set *,struct timeval *
configure:24031: checking return type of signal handlers
configure:24081: result: void
configure:24089: checking whether stat accepts an empty string
configure:24150: result: no
configure:24170: checking for strftime
configure:24255: result: yes
configure:24342: checking for working strtod
configure:24424: result: yes
configure:24604: checking whether utime accepts a null argument
configure:24674: result: yes
configure:24689: checking for vprintf
configure:24774: result: yes
configure:24783: checking for _doprnt
configure:24866: result: no
configure:24922: checking for atexit
configure:25007: result: yes
configure:24922: checking for dup2
configure:25007: result: yes
configure:24922: checking for floor
configure:25007: result: yes
configure:24922: checking for fs_stat_dev
configure:25007: result: no
configure:24922: checking for ftruncate
configure:25007: result: yes
configure:24922: checking for getcwd
configure:25007: result: yes
configure:24922: checking for gethostbyname
configure:25007: result: yes
configure:24922: checking for gethostname
configure:25007: result: yes
configure:24922: checking for gethrtime
configure:25007: result: no
configure:24922: checking for getpagesize
configure:25007: result: yes
configure:24922: checking for gettimeofday
configure:25007: result: yes
configure:24922: checking for inet_ntoa
configure:25007: result: yes
configure:24922: checking for isascii
configure:25007: result: yes
configure:24922: checking for localtime_r
configure:25007: result: yes
configure:24922: checking for memchr
configure:25007: result: yes
configure:24922: checking for memmove
configure:25007: result: yes
configure:24922: checking for memset
configure:25007: result: yes
configure:24922: checking for mkdir
configure:25007: result: yes
configure:24922: checking for next_dev
configure:25007: result: no
configure:24922: checking for pow
configure:25007: result: yes
configure:24922: checking for putenv
configure:25007: result: yes
configure:24922: checking for select
configure:25007: result: yes
configure:24922: checking for setenv
configure:25007: result: yes
configure:24922: checking for setlocale
configure:25007: result: yes
configure:24922: checking for socket
configure:25007: result: yes
configure:24922: checking for sqrt
configure:25007: result: yes
configure:24922: checking for strcasecmp
configure:25007: result: yes
configure:24922: checking for strchr
configure:25007: result: yes
configure:24922: checking for strcspn
configure:25007: result: yes
configure:24922: checking for strdup
configure:25007: result: yes
configure:24922: checking for strerror
configure:25007: result: yes
configure:24922: checking for strncasecmp
configure:25007: result: yes
configure:24922: checking for strpbrk
configure:25007: result: yes
configure:24922: checking for strrchr
configure:25007: result: yes
configure:24922: checking for strspn
configure:25007: result: yes
configure:24922: checking for strstr
configure:25007: result: yes
configure:24922: checking for strtol
configure:25007: result: yes
configure:24922: checking for tzset
configure:25007: result: yes
configure:24922: checking for utime
configure:25007: result: yes
configure:25019: checking for tm->tm_gmtoff
configure:25037: gcc -c -g -O2  -I/usr/include/libxml2   -I/usr/include/libxml2   conftest.c >&5
configure:25044: $? = 0
configure:25055: result: yes
configure:25134: checking dependency style of gcc
configure:25244: result: gcc3
configure:25261: checking dependency style of g++
configure:25371: result: gcc3
configure:25400: gcc -c -g -O2 -fstack-protector  -I/usr/include/libxml2   -I/usr/include/libxml2   conftest.c >&5
configure:25407: $? = 0
configure:26095: creating ./config.status

## ---------------------- ##
## Running config.status. ##
## ---------------------- ##

This file was extended by BMD config.status 0.4, which was
generated by GNU Autoconf 2.63.  Invocation command line was

  CONFIG_FILES    = 
  CONFIG_HEADERS  = 
  CONFIG_LINKS    = 
  CONFIG_COMMANDS = 
  $ ./config.status 

on oracle.localdomain

config.status:1283: creating src/libbmdaa2/Makefile
config.status:1283: creating src/libbmdaa2/ac_server/Makefile
config.status:1283: creating src/libbmdaa2/ac_client/Makefile
config.status:1283: creating src/libbmdaa2/configuration/Makefile
config.status:1283: creating src/libbmdaa2/db/Makefile
config.status:1283: creating src/libbmdaa2/db/common/Makefile
config.status:1283: creating src/libbmdaa2/db/database/Makefile
config.status:1283: creating src/libbmdaa2/db/file/Makefile
config.status:1283: creating src/libbmdaa2/pki/Makefile
config.status:1283: creating src/libbmdaa2/wrappers/Makefile
config.status:1283: creating src/libbmdasn1_core/Makefile
config.status:1283: creating src/libbmdasn1_common/Makefile
config.status:1283: creating src/libbmdbase64/Makefile
config.status:1283: creating src/libbmdlob/Makefile
config.status:1283: creating src/libbmdlog/Makefile
config.status:1283: creating src/libbmdlog/bmdlogserver/Makefile
config.status:1283: creating src/libbmdlog/root_server/Makefile
config.status:1283: creating src/libbmdlog/balance/Makefile
config.status:1283: creating src/libbmdlog/tree_build/Makefile
config.status:1283: creating src/libbmdlog/log_server_utils/Makefile
config.status:1283: creating src/libbmdlog/textbmdlog/Makefile
config.status:1283: creating src/libbmdlog/verify_logs/Makefile
config.status:1283: creating src/libbmdlog/jmslogfetcher/Makefile
config.status:1283: creating src/libbmdlog/soap_server/Makefile
config.status:1283: creating src/libbmdlog/soap_server/server/Makefile
config.status:1283: creating src/libbmdlog/soap_server/tests/Makefile
config.status:1283: creating src/libbmdconfig/Makefile
config.status:1283: creating src/libbmdcms/Makefile
config.status:1283: creating src/libbmdts/Makefile
config.status:1283: creating src/libbmdX509/Makefile
config.status:1283: creating src/libbmdcrl/Makefile
config.status:1283: creating src/libbmddb/db2/Makefile
config.status:1283: creating src/libbmddb/Makefile
config.status:1283: creating src/libbmdsql/Makefile
config.status:1283: creating src/libbmdsql/tools/Makefile
config.status:1283: creating src/libbmddialogs/Makefile
config.status:1283: creating src/libbmdnet/Makefile
config.status:1283: creating src/libbmdpkcs11/Makefile
config.status:1283: creating src/libbmdpkcs12/Makefile
config.status:1283: creating src/libbmdpki/Makefile
config.status:1283: creating src/libbmdks/Makefile
config.status:1283: creating src/bmd_ks/Makefile
config.status:1283: creating src/libbmdpr/Makefile
config.status:1283: creating src/libbmdpr/bmd_datagram/Makefile
config.status:1283: creating src/libbmdpr/bmd_resp/Makefile
config.status:1283: creating src/libbmdpr/prlib-common/Makefile
config.status:1283: creating src/libbmdpr/bmd_datagram/asn1clib/Makefile
config.status:1283: creating src/libbmdpr/bmd_resp/asn1clib/Makefile
config.status:1283: creating src/libbmdpr/bmd_resp/prlib/Makefile
config.status:1283: creating src/libbmdutils/Makefile
config.status:1283: creating src/libbmdprotocol/Makefile
config.status:1283: creating src/libbmd/Makefile
config.status:1283: creating src/libbmdxades/Makefile
config.status:1283: creating src/libbmdxml/Makefile
config.status:1283: creating src/libbmdmail/Makefile
config.status:1283: creating src/libbmdmime/Makefile
config.status:1283: creating src/libbmddvcs/Makefile
config.status:1283: creating src/libbmdarchpack/Makefile
config.status:1283: creating src/libbmdglobals/Makefile
config.status:1283: creating src/libbmderr/Makefile
config.status:1283: creating src/Makefile
config.status:1283: creating Makefile
config.status:1283: creating src/mail_sender/Makefile
config.status:1283: creating src/mail_sender/soap/Makefile
config.status:1283: creating src/mail_sender/soap/awizosender/Makefile
config.status:1283: creating src/mail_sender/soap/awizobroker/Makefile
config.status:1283: creating src/mail_sender/soap/awizosender/tests/Makefile
config.status:1283: creating src/mail_sender/jms/Makefile
config.status:1283: creating src/libbmdsoap/Makefile
config.status:1283: creating src/libbmdsoap/server/Makefile
config.status:1283: creating src/libbmdsoap/tests/Makefile
config.status:1283: creating src/libbmdcurl/Makefile
config.status:1283: creating src/libbmdzlib/Makefile
config.status:1283: creating src/libbmdxslt/Makefile
config.status:1283: creating src/libbmdxpath/Makefile
config.status:1283: creating src/libCppJavaApiWrapper/Makefile
config.status:1283: creating src/libCppJavaApiWrapper/tests/Makefile
config.status:1283: creating src/config.h
config.status:1505: src/config.h is unchanged
config.status:1557: executing depfiles commands
config.status:1557: executing libtool commands
configure:28657: WARNING: unrecognized options: --disable-postgres, --disable-oracle, --disable-mssql
configure:28662: result: Done.
configure:28664: result: 
configure:28666: result: BMD Release , Build 
configure:28668: result: 
configure:28670: result: BUILDING TYPE x86_64-unknown-linux-gnu ON x86_64-unknown-linux-gnu FOR x86_64-unknown-linux-gnu 
configure:28672: result: 
configure:28674: result: Prefix:		/usr/bmd/bmd
configure:28676: result: Bindir:		${exec_prefix}/bin
configure:28678: result: Configuration:	${prefix}/etc
configure:28680: result: 
configure:28682: result: enable_wx:	
configure:28684: result: wxWindows usable: 
configure:28686: result: 
configure:28688: result: pgsql_enable:				
configure:28690: result: pgsql cflags:	
configure:28692: result: pgsql include:	
configure:28694: result: pgsql libs:	
configure:28696: result: 
configure:28698: result: oracle_enable:	no 
configure:28700: result: oracle cflags:	
configure:28702: result: oracle include:	
configure:28704: result: oracle libs:	
configure:28706: result: 
configure:28708: result: 
configure:28710: result: ******************************************************************
configure:28712: result: A teraz drogie dzieci patrzcie jak zalaczamy ORACLE lub POSTGRESA:
configure:28714: result: --enable-oracle lub --enable-postgres
configure:28716: result: Jak nie wlaczycie to sie nie dziwcie ze nie dziala.
configure:28718: result: ******************************************************************
configure:28720: result:                .
configure:28722: result:               .@.                                    .
configure:28724: result:               @m@,.                                 .@
configure:28726: result:              .@m%nm@,.                            .@m@
configure:28728: result:             .@nvv%vnmm@,.                      .@mn%n@
configure:28730: result:            .@mnvvv%vvnnmm@,.                .@mmnv%vn@,
configure:28732: result:            @mmnnvvv%vvvvvnnmm@,.        .@mmnnvvv%vvnm@
configure:28734: result:            @mmnnvvvvv%vvvvvvnnmm@, ;;;@mmnnvvvvv%vvvnm@,
configure:28736: result:            `@mmnnvvvvvv%vvvvvnnmmm;;@mmnnvvvvvv%vvvvnmm@
configure:28738: result:             `@mmmnnvvvvvv%vvvnnmmm;%mmnnvvvvvv%vvvvnnmm@
configure:28740: result:               `@m%v%v%v%v%v;%;%;%;%;%;%;%%%vv%vvvvnnnmm@
configure:28742: result:               .,mm@@@@@mm%;;@@m@m@@m@@m@mm;;%%vvvnnnmm@;@,.
configure:28744: result:            .,@mmmmmmvv%%;;@@vmvvvvvvvvvmvm@@;;%%vvnnm@;%mmm@,
configure:28746: result:         .,@mmnnvvvvv%%;;@@vvvvv%%%%%%%vvvvmm@@;;%%mm@;%%nnnnm@,
configure:28748: result:      .,@mnnvv%v%v%v%%;;@mmvvvv%%;*;*;%%vvvvmmm@;;%m;%%v%v%v%vmm@,.
configure:28750: result:  ,@mnnvv%v%v%v%v%v%v%;;@@vvvv%%;*;*;*;%%vvvvm@@;;m%%%v%v%v%v%v%vnnm@,
configure:28752: result:  `    `@mnnvv%v%v%v%%;;@mvvvvv%%;;*;;%%vvvmmmm@;;%m;%%v%v%v%vmm@'   '
configure:28754: result:          `@mmnnvvvvv%%;;@@mvvvv%%%%%%%vvvvmm@@;;%%mm@;%%nnnnm@'
configure:28756: result:             `@mmmmmmvv%%;;@@mvvvvvvvvvvmmm@@;;%%mmnmm@;%mmm@'
configure:28758: result:                `mm@@@@@mm%;;@m@@m@m@m@@m@@;;%%vvvvvnmm@;@'
configure:28760: result:               ,@m%v%v%v%v%v;%;%;%;%;%;%;%;%vv%vvvvvnnmm@
configure:28762: result:             .@mmnnvvvvvvv%vvvvnnmm%mmnnvvvvvvv%vvvvnnmm@
configure:28764: result:            .@mmnnvvvvvv%vvvvvvnnmm'`@mmnnvvvvvv%vvvnnmm@
configure:28766: result:            @mmnnvvvvv%vvvvvvnnmm@':%::`@mmnnvvvv%vvvnm@'
configure:28768: result:            @mmnnvvv%vvvvvnnmm@'`:::%%:::'`@mmnnvv%vvmm@
configure:28770: result:            `@mnvvv%vvnnmm@'     `:;%%;:'     `@mvv%vm@'
configure:28772: result:             `@mnv%vnnm@'          `;%;'         `@n%n@
configure:28774: result:              `@m%mm@'              ;%;.           `@m@
configure:28776: result:               @m@'                 `;%;             `@
configure:28778: result:               `@'                   ;%;.             '    Kwiatek
configure:28780: result:                `                    `;%;         
configure:28782: result: 
configure:28784: result: 
configure:28786: result: BMD server:	yes
configure:28788: result: BMD client:	no
configure:28790: result: BMD libs:	yes
configure:28792: result: BMD gui libs:	
configure:28794: result: 
configure:28796: result: CC features:
configure:28798: result: stack protector present:	= yes
configure:28800: result: stack protector enabled: = 
configure:28802: result: 
configure:28804: result: CC       = gcc
configure:28806: result: CFLAGS   = -g -O0 -ggdb3 -I/home/db2inst2/sqllib/include
configure:28808: result: CPPFLAGS = -I/usr/include/libxml2 -I/usr/include/libxml2 -I ${top_srcdir}/include/bmd/`basename ${PWD} ` -I ${top_srcdir}/include -I ${top_srcdir}/include/bmd/common -I ${top_srcdir}/include/pkcs11 -include ${top_srcdir}/src/config.h -ggdb3 -Wall
configure:28810: result: XMLFLAGS = -DXMLSEC_CRYPTO=\"openssl\" -DXMLSEC_CRYPTO_DYNAMIC_LOADING=1 -D__XMLSEC_FUNCTION__=__FUNCTION__ -DXMLSEC_NO_SIZE_T -DXMLSEC_NO_GOST=1 -DXMLSEC_NO_XKMS=1 -DXMLSEC_DL_LIBLTDL=1, -I/usr/include/libxml2 -I/usr/include/xmlsec1  
configure:28812: result: LDFLAGS  = 
configure:28814: result: LIBS     = -lkrb5 -lesmtp -lpcre -lcurl -lgnutls -lgcrypt -lgpg-error -lssl -lcrypt -lcrypto -lpthread -lrt -lresolv -lnsl -lm -lgcc -ldl  -lxml2   -lxslt -lz -lm -lxml2  
configure:28816: result: 
configure:28818: result: 
configure:28820: result: ***************************************************************
configure:28822: result: * PLEASE USE AM_CPPFLAGS=${CPP_PEDANTIC} WHERE POSSIBLE.     *
configure:28824: result: * VERWENDEN SIE BITTE AM_CPPFLAGS=${CPP_PEDANTIC} WO MöGLICH *
configure:28826: result: * PROSZĘ UŻYWAĆ AM_CPPFLAGS=${CPP_PEDANTIC} GDZIE MOŻLIWE    *
configure:28828: result: ***************************************************************
configure:28830: result: 

## ---------------- ##
## Cache variables. ##
## ---------------- ##

ac_cv_build=x86_64-unknown-linux-gnu
ac_cv_c_compiler_gnu=yes
ac_cv_c_const=yes
ac_cv_c_inline=inline
ac_cv_c_restrict=__restrict
ac_cv_c_volatile=yes
ac_cv_cxx_compiler_gnu=yes
ac_cv_env_CCC_set=
ac_cv_env_CCC_value=
ac_cv_env_CC_set=
ac_cv_env_CC_value=
ac_cv_env_CFLAGS_set=
ac_cv_env_CFLAGS_value=
ac_cv_env_CPPFLAGS_set=
ac_cv_env_CPPFLAGS_value=
ac_cv_env_CPP_set=
ac_cv_env_CPP_value=
ac_cv_env_CXXCPP_set=
ac_cv_env_CXXCPP_value=
ac_cv_env_CXXFLAGS_set=
ac_cv_env_CXXFLAGS_value=
ac_cv_env_CXX_set=
ac_cv_env_CXX_value=
ac_cv_env_LDFLAGS_set=
ac_cv_env_LDFLAGS_value=
ac_cv_env_LIBS_set=
ac_cv_env_LIBS_value=
ac_cv_env_PKG_CONFIG_set=
ac_cv_env_PKG_CONFIG_value=
ac_cv_env_XMLSEC_CFLAGS_set=
ac_cv_env_XMLSEC_CFLAGS_value=
ac_cv_env_XMLSEC_LIBS_set=
ac_cv_env_XMLSEC_LIBS_value=
ac_cv_env_XML_CFLAGS_set=
ac_cv_env_XML_CFLAGS_value=
ac_cv_env_XML_LIBS_set=
ac_cv_env_XML_LIBS_value=
ac_cv_env_XSLT_CFLAGS_set=
ac_cv_env_XSLT_CFLAGS_value=
ac_cv_env_XSLT_LIBS_set=
ac_cv_env_XSLT_LIBS_value=
ac_cv_env_build_alias_set=
ac_cv_env_build_alias_value=
ac_cv_env_host_alias_set=
ac_cv_env_host_alias_value=
ac_cv_env_target_alias_set=
ac_cv_env_target_alias_value=
ac_cv_func__doprnt=no
ac_cv_func_alarm=yes
ac_cv_func_alloca_works=yes
ac_cv_func_atexit=yes
ac_cv_func_closedir_void=no
ac_cv_func_dup2=yes
ac_cv_func_floor=yes
ac_cv_func_fork=yes
ac_cv_func_fork_works=yes
ac_cv_func_fs_stat_dev=no
ac_cv_func_ftruncate=yes
ac_cv_func_getcwd=yes
ac_cv_func_gethostbyname=yes
ac_cv_func_gethostname=yes
ac_cv_func_gethrtime=no
ac_cv_func_getpagesize=yes
ac_cv_func_gettimeofday=yes
ac_cv_func_inet_ntoa=yes
ac_cv_func_isascii=yes
ac_cv_func_localtime_r=yes
ac_cv_func_lstat_dereferences_slashed_symlink=yes
ac_cv_func_lstat_empty_string_bug=no
ac_cv_func_memchr=yes
ac_cv_func_memmove=yes
ac_cv_func_memset=yes
ac_cv_func_mkdir=yes
ac_cv_func_next_dev=no
ac_cv_func_pow=yes
ac_cv_func_putenv=yes
ac_cv_func_select=yes
ac_cv_func_select_args='int,fd_set *,struct timeval *'
ac_cv_func_setenv=yes
ac_cv_func_setlocale=yes
ac_cv_func_setvbuf_reversed=no
ac_cv_func_socket=yes
ac_cv_func_sqrt=yes
ac_cv_func_stat_empty_string_bug=no
ac_cv_func_strcasecmp=yes
ac_cv_func_strchr=yes
ac_cv_func_strcspn=yes
ac_cv_func_strdup=yes
ac_cv_func_strerror=yes
ac_cv_func_strftime=yes
ac_cv_func_strncasecmp=yes
ac_cv_func_strpbrk=yes
ac_cv_func_strrchr=yes
ac_cv_func_strspn=yes
ac_cv_func_strstr=yes
ac_cv_func_strtod=yes
ac_cv_func_strtol=yes
ac_cv_func_tzset=yes
ac_cv_func_utime=yes
ac_cv_func_utime_null=yes
ac_cv_func_vfork=yes
ac_cv_func_vfork_works=yes
ac_cv_func_vprintf=yes
ac_cv_func_working_mktime=yes
ac_cv_header__usr_lib_jvm_java_include_linux_jni_md_h=yes
ac_cv_header_arpa_inet_h=yes
ac_cv_header_dirent_dirent_h=yes
ac_cv_header_dlfcn_h=yes
ac_cv_header_fcntl_h=yes
ac_cv_header_float_h=yes
ac_cv_header_inttypes_h=yes
ac_cv_header_libpq_fe_h=yes
ac_cv_header_limits_h=yes
ac_cv_header_malloc_h=yes
ac_cv_header_memory_h=yes
ac_cv_header_netdb_h=yes
ac_cv_header_netinet_in_h=yes
ac_cv_header_oci_h=no
ac_cv_header_pcre_h=yes
ac_cv_header_pcre_pcre_h=no
ac_cv_header_stdarg_h=yes
ac_cv_header_stdbool_h=yes
ac_cv_header_stdc=yes
ac_cv_header_stddef_h=yes
ac_cv_header_stdint_h=yes
ac_cv_header_stdlib_h=yes
ac_cv_header_string_h=yes
ac_cv_header_strings_h=yes
ac_cv_header_sys_file_h=yes
ac_cv_header_sys_param_h=yes
ac_cv_header_sys_select_h=yes
ac_cv_header_sys_socket_h=yes
ac_cv_header_sys_stat_h=yes
ac_cv_header_sys_time_h=yes
ac_cv_header_sys_types_h=yes
ac_cv_header_sys_wait_h=yes
ac_cv_header_time=yes
ac_cv_header_unistd_h=yes
ac_cv_header_utime_h=yes
ac_cv_header_vfork_h=no
ac_cv_header_wchar_h=yes
ac_cv_header_wctype_h=yes
ac_cv_host=x86_64-unknown-linux-gnu
ac_cv_lib_bind_main=no
ac_cv_lib_c89_main=no
ac_cv_lib_c_r_main=no
ac_cv_lib_clntsh_main=no
ac_cv_lib_crypt_setkey=yes
ac_cv_lib_crypto_AES_options=yes
ac_cv_lib_curl_curl_easy_init=yes
ac_cv_lib_dl_dlopen=yes
ac_cv_lib_error_at_line=yes
ac_cv_lib_esmtp_smtp_set_resent_headers=yes
ac_cv_lib_gcc_main=yes
ac_cv_lib_gcrypt_gcry_cipher_encrypt=yes
ac_cv_lib_gnutls_gnutls_bye=yes
ac_cv_lib_gpg_error_gpg_strerror=yes
ac_cv_lib_gpgme_gpgme_cancel=no
ac_cv_lib_ibpath_main=no
ac_cv_lib_krb5_krb5_cc_close=yes
ac_cv_lib_kstat_kstat_open=no
ac_cv_lib_m_scalbn=yes
ac_cv_lib_nnz10_main=no
ac_cv_lib_nsl_yp_bind=yes
ac_cv_lib_ociei_main=no
ac_cv_lib_pcre_pcre_info=yes
ac_cv_lib_posix4_sched_getscheduler=no
ac_cv_lib_pq_PQstatus=yes
ac_cv_lib_pthread_pthread_create=yes
ac_cv_lib_resolv_res_gethostbyname=yes
ac_cv_lib_rt_main=yes
ac_cv_lib_socket_ntohs=no
ac_cv_lib_ssl_SSL_connect=yes
ac_cv_lib_thread_main=no
ac_cv_lib_w_main=no
ac_cv_objext=o
ac_cv_path_EGREP='/bin/grep -E'
ac_cv_path_FGREP='/bin/grep -F'
ac_cv_path_GREP=/bin/grep
ac_cv_path_PGSQL_CONFIG=/usr/bin/pg_config
ac_cv_path_SED=/bin/sed
ac_cv_path_ac_pt_PKG_CONFIG=/usr/bin/pkg-config
ac_cv_path_install='/usr/bin/install -c'
ac_cv_path_mkdir=/bin/mkdir
ac_cv_prog_AWK=gawk
ac_cv_prog_CPP='gcc -E'
ac_cv_prog_CXXCPP='g++ -E'
ac_cv_prog_ac_ct_AR=ar
ac_cv_prog_ac_ct_CC=gcc
ac_cv_prog_ac_ct_CXX=g++
ac_cv_prog_ac_ct_OBJDUMP=objdump
ac_cv_prog_ac_ct_RANLIB=ranlib
ac_cv_prog_ac_ct_STRIP=strip
ac_cv_prog_cc_c89=
ac_cv_prog_cc_c99=-std=gnu99
ac_cv_prog_cc_g=yes
ac_cv_prog_cc_stdc=-std=gnu99
ac_cv_prog_cxx_g=yes
ac_cv_prog_gcc_traditional=no
ac_cv_prog_make_make_set=yes
ac_cv_search_opendir='none required'
ac_cv_struct_tm=time.h
ac_cv_target=x86_64-unknown-linux-gnu
ac_cv_type__Bool=yes
ac_cv_type_bool=yes
ac_cv_type_boolean_t=no
ac_cv_type_mode_t=yes
ac_cv_type_off_t=yes
ac_cv_type_pid_t=yes
ac_cv_type_ptrdiff_t=yes
ac_cv_type_signal=void
ac_cv_type_size_t=yes
ac_cv_type_uid_t=yes
ac_cv_working_alloca_h=yes
am_cv_CC_dependencies_compiler_type=gcc3
am_cv_CXX_dependencies_compiler_type=gcc3
am_cv_prog_cc_stdc=-std=gnu99
lt_cv_deplibs_check_method=pass_all
lt_cv_file_magic_cmd='$MAGIC_CMD'
lt_cv_file_magic_test_file=
lt_cv_ld_reload_flag=-r
lt_cv_nm_interface='BSD nm'
lt_cv_objdir=.libs
lt_cv_path_LD=/usr/bin/ld
lt_cv_path_LDCXX='/usr/bin/ld -m elf_x86_64'
lt_cv_path_NM='/usr/bin/nm -B'
lt_cv_prog_compiler_c_o=yes
lt_cv_prog_compiler_c_o_CXX=yes
lt_cv_prog_compiler_pic_works=yes
lt_cv_prog_compiler_pic_works_CXX=yes
lt_cv_prog_compiler_rtti_exceptions=no
lt_cv_prog_compiler_static_works=yes
lt_cv_prog_compiler_static_works_CXX=yes
lt_cv_prog_gnu_ld=yes
lt_cv_prog_gnu_ldcxx=yes
lt_cv_sys_global_symbol_pipe='sed -n -e '\''s/^.*[	 ]\([ABCDGIRSTW][ABCDGIRSTW]*\)[	 ][	 ]*\([_A-Za-z][_A-Za-z0-9]*\)$/\1 \2 \2/p'\'''
lt_cv_sys_global_symbol_to_c_name_address='sed -n -e '\''s/^: \([^ ]*\) $/  {\"\1\", (void *) 0},/p'\'' -e '\''s/^[ABCDGIRSTW]* \([^ ]*\) \([^ ]*\)$/  {"\2", (void *) \&\2},/p'\'''
lt_cv_sys_global_symbol_to_c_name_address_lib_prefix='sed -n -e '\''s/^: \([^ ]*\) $/  {\"\1\", (void *) 0},/p'\'' -e '\''s/^[ABCDGIRSTW]* \([^ ]*\) \(lib[^ ]*\)$/  {"\2", (void *) \&\2},/p'\'' -e '\''s/^[ABCDGIRSTW]* \([^ ]*\) \([^ ]*\)$/  {"lib\2", (void *) \&\2},/p'\'''
lt_cv_sys_global_symbol_to_cdecl='sed -n -e '\''s/^T .* \(.*\)$/extern int \1();/p'\'' -e '\''s/^[ABCDGIRSTW]* .* \(.*\)$/extern char \1;/p'\'''
lt_cv_sys_max_cmd_len=1966080
pkg_cv_XMLSEC_CFLAGS='-DXMLSEC_CRYPTO=\"openssl\" -DXMLSEC_CRYPTO_DYNAMIC_LOADING=1 -D__XMLSEC_FUNCTION__=__FUNCTION__ -DXMLSEC_NO_SIZE_T -DXMLSEC_NO_GOST=1 -DXMLSEC_NO_XKMS=1 -DXMLSEC_DL_LIBLTDL=1, -I/usr/include/libxml2 -I/usr/include/xmlsec1  '
pkg_cv_XMLSEC_LIBS='-lxmlsec1 -lltdl -lxslt -lz -lm -lxml2  '
pkg_cv_XML_CFLAGS='-I/usr/include/libxml2  '
pkg_cv_XML_LIBS='-lxml2  '
pkg_cv_XSLT_CFLAGS='-I/usr/include/libxml2  '
pkg_cv_XSLT_LIBS='-lxslt -lz -lm -lxml2  '

## ----------------- ##
## Output variables. ##
## ----------------- ##

ACLOCAL='${SHELL} /home/pawel/workspace/bmd/missing --run aclocal-1.11'
ALLOCA=''
AMDEPBACKSLASH='\'
AMDEP_FALSE='#'
AMDEP_TRUE=''
AMTAR='${SHELL} /home/pawel/workspace/bmd/missing --run tar'
AR='ar'
AUTOCONF='${SHELL} /home/pawel/workspace/bmd/missing --run autoconf'
AUTOHEADER='${SHELL} /home/pawel/workspace/bmd/missing --run autoheader'
AUTOMAKE='${SHELL} /home/pawel/workspace/bmd/missing --run automake-1.11'
AWK='gawk'
BUILD_CGI_FALSE=''
BUILD_CGI_TRUE='#'
BUILD_CLIENT_FALSE=''
BUILD_CLIENT_TRUE='#'
BUILD_ESP_FALSE='#'
BUILD_ESP_TRUE=''
BUILD_GUI_LIBS_FALSE=''
BUILD_GUI_LIBS_TRUE='#'
BUILD_LIBS_FALSE='#'
BUILD_LIBS_TRUE=''
BUILD_SERVER_FALSE='#'
BUILD_SERVER_TRUE=''
BUILD_TESTS_FALSE=''
BUILD_TESTS_TRUE='#'
BUILD_XML_FALSE='#'
BUILD_XML_TRUE=''
CC='gcc'
CCDEPMODE='depmode=gcc3'
CFLAGS='-g -O0 -ggdb3 -I/home/db2inst2/sqllib/include'
CPP='gcc -E'
CPPFLAGS='-I/usr/include/libxml2 -I/usr/include/libxml2 -I ${top_srcdir}/include/bmd/`basename ${PWD} ` -I ${top_srcdir}/include -I ${top_srcdir}/include/bmd/common -I ${top_srcdir}/include/pkcs11 -include ${top_srcdir}/src/config.h -ggdb3 -Wall'
CPP_PEDANTIC=' 	-Wall -Werror 	-Wendif-labels -Wshadow -Wmissing-prototypes 	-std=gnu89'
CXX='g++'
CXXCPP='g++ -E'
CXXDEPMODE='depmode=gcc3'
CXXFLAGS='-g -O0 -ggdb3'
CYGPATH_W='echo'
DB2_BMDDB_LIBS='-ldb2 -L/home/db2inst2/sqllib/lib'
DB2_CFLAGS='-I/home/db2inst2/sqllib/include'
DB2_INCLUDE='/home/db2inst2/sqllib/include'
DB2_LIBS='-ldb2 -L/home/db2inst2/sqllib/lib'
DEFS='-DHAVE_CONFIG_H'
DEPDIR='.deps'
DSYMUTIL=''
DUMPBIN=''
ECHO_C=''
ECHO_N='-n'
ECHO_T=''
EGREP='/bin/grep -E'
EXEEXT=''
FGREP='/bin/grep -F'
GREP='/bin/grep'
INSTALL_DATA='${INSTALL} -m 644'
INSTALL_PROGRAM='${INSTALL}'
INSTALL_SCRIPT='${INSTALL}'
INSTALL_STRIP_PROGRAM='$(install_sh) -c -s'
LD='/usr/bin/ld -m elf_x86_64'
LDFLAGS=''
LIBOBJS=''
LIBS='-lkrb5 -lesmtp -lpcre -lcurl -lgnutls -lgcrypt -lgpg-error -lssl -lcrypt -lcrypto -lpthread -lrt -lresolv -lnsl -lm -lgcc -ldl  -lxml2   -lxslt -lz -lm -lxml2  '
LIBTOOL='$(SHELL) $(top_builddir)/libtool'
LIPO=''
LN_S='ln -s'
LTLIBOBJS=''
MAKEINFO='${SHELL} /home/pawel/workspace/bmd/missing --run makeinfo'
MKDIR_P='/bin/mkdir -p'
NM='/usr/bin/nm -B'
NMEDIT=''
OBJDUMP='objdump'
OBJEXT='o'
OTOOL64=''
OTOOL=''
PACKAGE='bmd'
PACKAGE_BUGREPORT='someone@somewhere.com'
PACKAGE_NAME='BMD'
PACKAGE_STRING='BMD 0.4'
PACKAGE_TARNAME='bmd'
PACKAGE_VERSION='0.4'
PATH_SEPARATOR=':'
PKG_CONFIG='/usr/bin/pkg-config'
POW_LIB=''
RANLIB='ranlib'
SED='/bin/sed'
SET_MAKE=''
SHELL='/bin/sh'
STRIP='strip'
VERSION='0.4'
WITH_DB2_FALSE=''
WITH_DB2_TRUE='#'
WX_CFLAGS=''
WX_CFLAGS_ONLY=''
WX_CONFIG_PATH=''
WX_CPPFLAGS=''
WX_CXXFLAGS=''
WX_CXXFLAGS_ONLY=''
WX_LIBS=''
WX_LIBS_STATIC=''
WX_VERSION=''
WX_WIN_FALSE=''
WX_WIN_TRUE='#'
XMLSEC_CFLAGS='-DXMLSEC_CRYPTO=\"openssl\" -DXMLSEC_CRYPTO_DYNAMIC_LOADING=1 -D__XMLSEC_FUNCTION__=__FUNCTION__ -DXMLSEC_NO_SIZE_T -DXMLSEC_NO_GOST=1 -DXMLSEC_NO_XKMS=1 -DXMLSEC_DL_LIBLTDL=1, -I/usr/include/libxml2 -I/usr/include/xmlsec1  '
XMLSEC_LIBS='-lxmlsec1 -lltdl -lxslt -lz -lm -lxml2  '
XML_CFLAGS='-I/usr/include/libxml2  '
XML_LIBS='-lxml2  '
XSLT_CFLAGS='-I/usr/include/libxml2  '
XSLT_LIBS='-lxslt -lz -lm -lxml2  '
ac_ct_CC='gcc'
ac_ct_CXX='g++'
ac_ct_DUMPBIN=''
am__EXEEXT_FALSE=''
am__EXEEXT_TRUE='#'
am__fastdepCC_FALSE='#'
am__fastdepCC_TRUE=''
am__fastdepCXX_FALSE='#'
am__fastdepCXX_TRUE=''
am__include='include'
am__isrc=''
am__leading_dot='.'
am__quote=''
am__tar='${AMTAR} chof - "$$tardir"'
am__untar='${AMTAR} xf -'
bindir='${exec_prefix}/bin'
build='x86_64-unknown-linux-gnu'
build_alias=''
build_cpu='x86_64'
build_os='linux-gnu'
build_vendor='unknown'
datadir='${datarootdir}'
datarootdir='${prefix}/share'
docdir='${datarootdir}/doc/${PACKAGE_TARNAME}'
dvidir='${docdir}'
exec_prefix='${prefix}'
host='x86_64-unknown-linux-gnu'
host_alias=''
host_cpu='x86_64'
host_os='linux-gnu'
host_vendor='unknown'
htmldir='${docdir}'
includedir='${prefix}/include'
infodir='${datarootdir}/info'
install_sh='${SHELL} /home/pawel/workspace/bmd/install-sh'
libdir='${exec_prefix}/lib'
libexecdir='${exec_prefix}/libexec'
localedir='${datarootdir}/locale'
localstatedir='${prefix}/var'
lt_ECHO='echo'
mandir='${datarootdir}/man'
mkdir_p='/bin/mkdir -p'
oldincludedir='/usr/include'
pdfdir='${docdir}'
prefix='/usr/bmd/bmd'
program_transform_name='s,x,x,'
psdir='${docdir}'
sbindir='${exec_prefix}/sbin'
sharedstatedir='${prefix}/com'
sysconfdir='${prefix}/etc'
target='x86_64-unknown-linux-gnu'
target_alias=''
target_cpu='x86_64'
target_os='linux-gnu'
target_vendor='unknown'

## ----------- ##
## confdefs.h. ##
## ----------- ##

#define PACKAGE_NAME "BMD"
#define PACKAGE_TARNAME "bmd"
#define PACKAGE_VERSION "0.4"
#define PACKAGE_STRING "BMD 0.4"
#define PACKAGE_BUGREPORT "someone@somewhere.com"
#define PACKAGE "BMD"
#define VERSION "0.4"
#define STDC_HEADERS 1
#define HAVE_SYS_TYPES_H 1
#define HAVE_SYS_STAT_H 1
#define HAVE_STDLIB_H 1
#define HAVE_STRING_H 1
#define HAVE_MEMORY_H 1
#define HAVE_STRINGS_H 1
#define HAVE_INTTYPES_H 1
#define HAVE_STDINT_H 1
#define HAVE_UNISTD_H 1
#define HAVE_DLFCN_H 1
#define LT_OBJDIR ".libs/"
#define _VERBOSE_DEBUG_ 1
#define __UNIX__ 1
#define _GNU_SOURCE 1
#define HAVE_OPENSSL_SSL_H 1
#define HAVE_LIBDL 1
#define HAVE_LIBGCC 1
#define HAVE_LIBM 1
#define HAVE_LIBNSL 1
#define HAVE_LIBRESOLV 1
#define HAVE_LIBRT 1
#define HAVE_LIBPTHREAD 1
#define HAVE_LIBCRYPTO 1
#define HAVE_LIBCRYPT 1
#define HAVE_LIBSSL 1
#define HAVE_LIBGPG_ERROR 1
#define HAVE_LIBGCRYPT 1
#define HAVE_LIBGNUTLS 1
#define HAVE_LIBCURL 1
#define HAVE_LIBPCRE 1
#define HAVE_LIBESMTP 1
#define HAVE_LIBKRB5 1
#define HAVE_ALLOCA_H 1
#define HAVE_ALLOCA 1
#define HAVE_DIRENT_H 1
#define STDC_HEADERS 1
#define HAVE_SYS_WAIT_H 1
#define HAVE_ARPA_INET_H 1
#define HAVE_FCNTL_H 1
#define HAVE_FLOAT_H 1
#define HAVE_INTTYPES_H 1
#define HAVE_LIMITS_H 1
#define HAVE_MALLOC_H 1
#define HAVE_NETDB_H 1
#define HAVE_NETINET_IN_H 1
#define HAVE_STDDEF_H 1
#define HAVE_STDLIB_H 1
#define HAVE_STRING_H 1
#define HAVE_STRINGS_H 1
#define HAVE_SYS_FILE_H 1
#define HAVE_SYS_PARAM_H 1
#define HAVE_SYS_SOCKET_H 1
#define HAVE_SYS_TIME_H 1
#define HAVE_UNISTD_H 1
#define HAVE_UTIME_H 1
#define HAVE_WCHAR_H 1
#define HAVE_WCTYPE_H 1
#define HAVE__USR_LIB_JVM_JAVA_INCLUDE_LINUX_JNI_MD_H 1
#define HAVE__BOOL 1
#define HAVE_STDBOOL_H 1
#define restrict __restrict
#define TIME_WITH_SYS_TIME 1
#define HAVE_PTRDIFF_T 1
#define HAVE_BOOL 1
#define HAVE_FORK 1
#define HAVE_VFORK 1
#define HAVE_WORKING_VFORK 1
#define HAVE_WORKING_FORK 1
#define LSTAT_FOLLOWS_SLASHED_SYMLINK 1
#define LSTAT_FOLLOWS_SLASHED_SYMLINK 1
#define HAVE_SYS_TIME_H 1
#define HAVE_UNISTD_H 1
#define HAVE_UTIME_H 1
#define HAVE_ALARM 1
#define HAVE_SYS_SELECT_H 1
#define HAVE_SYS_SOCKET_H 1
#define SELECT_TYPE_ARG1 int
#define SELECT_TYPE_ARG234 (fd_set *)
#define SELECT_TYPE_ARG5 (struct timeval *)
#define RETSIGTYPE void
#define HAVE_STRFTIME 1
#define HAVE_UTIME_NULL 1
#define HAVE_VPRINTF 1
#define HAVE_ATEXIT 1
#define HAVE_DUP2 1
#define HAVE_FLOOR 1
#define HAVE_FTRUNCATE 1
#define HAVE_GETCWD 1
#define HAVE_GETHOSTBYNAME 1
#define HAVE_GETHOSTNAME 1
#define HAVE_GETPAGESIZE 1
#define HAVE_GETTIMEOFDAY 1
#define HAVE_INET_NTOA 1
#define HAVE_ISASCII 1
#define HAVE_LOCALTIME_R 1
#define HAVE_MEMCHR 1
#define HAVE_MEMMOVE 1
#define HAVE_MEMSET 1
#define HAVE_MKDIR 1
#define HAVE_POW 1
#define HAVE_PUTENV 1
#define HAVE_SELECT 1
#define HAVE_SETENV 1
#define HAVE_SETLOCALE 1
#define HAVE_SOCKET 1
#define HAVE_SQRT 1
#define HAVE_STRCASECMP 1
#define HAVE_STRCHR 1
#define HAVE_STRCSPN 1
#define HAVE_STRDUP 1
#define HAVE_STRERROR 1
#define HAVE_STRNCASECMP 1
#define HAVE_STRPBRK 1
#define HAVE_STRRCHR 1
#define HAVE_STRSPN 1
#define HAVE_STRSTR 1
#define HAVE_STRTOL 1
#define HAVE_TZSET 1
#define HAVE_UTIME 1
#define HAVE_TM_GMTOFF 1
#define PACKAGE "bmd"
#define VERSION "0.4"
#define _DEBUG_UNIX_ 1

configure: exit 0
